2024-10-12 14:24:05.995 [info] [main] Log level: Info
2024-10-12 14:24:05.995 [info] [main] Validating found git in: "git"
2024-10-12 14:24:05.995 [info] [main] Using git "2.40.1" from "git"
2024-10-12 14:24:05.995 [info] [Model][doInitialScan] Initial repository scan started
2024-10-12 14:24:05.995 [info] > git rev-parse --show-toplevel [7ms]
2024-10-12 14:24:05.995 [info] fatal: not a git repository (or any of the parent directories): .git
2024-10-12 14:24:05.995 [info] > git rev-parse --show-toplevel [1ms]
2024-10-12 14:24:05.995 [info] fatal: not a git repository (or any of the parent directories): .git
2024-10-12 14:24:05.995 [info] [Model][doInitialScan] Initial repository scan completed - repositories (0), closed repositories (0), parent repositories (0), unsafe repositories (0)
2024-10-12 14:26:30.334 [info] > git rev-parse --show-toplevel [5ms]
2024-10-12 14:26:30.334 [info] fatal: not a git repository (or any of the parent directories): .git
2024-10-12 14:26:32.983 [info] > git rev-parse --show-toplevel [1ms]
2024-10-12 14:26:32.984 [info] fatal: not a git repository (or any of the parent directories): .git
2024-10-12 14:26:34.921 [info] > git rev-parse --show-toplevel [1ms]
2024-10-12 14:26:34.921 [info] fatal: not a git repository (or any of the parent directories): .git
2024-10-12 14:26:36.909 [info] > git rev-parse --show-toplevel [1ms]
2024-10-12 14:26:36.910 [info] fatal: not a git repository (or any of the parent directories): .git
2024-10-12 14:26:38.677 [info] > git rev-parse --show-toplevel [2ms]
2024-10-12 14:26:38.677 [info] fatal: not a git repository (or any of the parent directories): .git
2024-10-12 14:26:39.991 [info] > git rev-parse --show-toplevel [5ms]
2024-10-12 14:26:39.991 [info] fatal: not a git repository (or any of the parent directories): .git
2024-10-12 14:26:41.780 [info] > git rev-parse --show-toplevel [2ms]
2024-10-12 14:26:41.780 [info] fatal: not a git repository (or any of the parent directories): .git
2024-10-12 14:26:42.844 [info] > git rev-parse --show-toplevel [2ms]
2024-10-12 14:26:42.844 [info] fatal: not a git repository (or any of the parent directories): .git
2024-10-12 14:26:44.497 [info] > git rev-parse --show-toplevel [2ms]
2024-10-12 14:26:44.497 [info] fatal: not a git repository (or any of the parent directories): .git
2024-10-12 14:26:54.874 [info] > git rev-parse --show-toplevel [3ms]
2024-10-12 14:26:54.874 [info] fatal: not a git repository (or any of the parent directories): .git
2024-10-12 14:26:57.650 [info] > git rev-parse --show-toplevel [1ms]
2024-10-12 14:26:57.650 [info] fatal: not a git repository (or any of the parent directories): .git
2024-10-12 14:27:13.971 [info] > git rev-parse --show-toplevel [2ms]
2024-10-12 14:27:13.971 [info] fatal: not a git repository (or any of the parent directories): .git
2024-10-12 14:27:14.297 [info] > git rev-parse --show-toplevel [2ms]
2024-10-12 14:27:14.297 [info] fatal: not a git repository (or any of the parent directories): .git
2024-10-12 14:27:16.433 [info] > git rev-parse --show-toplevel [2ms]
2024-10-12 14:27:16.433 [info] fatal: not a git repository (or any of the parent directories): .git
2024-10-12 15:07:54.051 [info] > git rev-parse --show-toplevel [2ms]
2024-10-12 15:07:54.051 [info] fatal: not a git repository (or any of the parent directories): .git
2024-10-12 15:10:56.194 [info] > git rev-parse --show-toplevel [0ms]
2024-10-12 15:10:56.194 [info] fatal: not a git repository (or any of the parent directories): .git
2024-10-12 15:11:32.708 [info] > git rev-parse --show-toplevel [1ms]
2024-10-12 15:11:32.708 [info] fatal: not a git repository (or any of the parent directories): .git
2024-10-12 15:11:41.457 [info] > git rev-parse --show-toplevel [1ms]
2024-10-12 15:11:41.457 [info] fatal: not a git repository (or any of the parent directories): .git
2024-10-12 15:13:29.249 [info] > git rev-parse --show-toplevel [1ms]
2024-10-12 15:13:29.250 [info] fatal: not a git repository (or any of the parent directories): .git
2024-10-12 15:17:41.310 [info] > git rev-parse --show-toplevel [1ms]
2024-10-12 15:17:41.310 [info] fatal: not a git repository (or any of the parent directories): .git
2024-10-12 15:17:58.074 [info] > git rev-parse --show-toplevel [1ms]
2024-10-12 15:17:58.074 [info] fatal: not a git repository (or any of the parent directories): .git
2024-10-12 15:21:51.784 [info] > git rev-parse --show-toplevel [1ms]
2024-10-12 15:21:51.784 [info] fatal: not a git repository (or any of the parent directories): .git
2024-10-12 15:25:45.887 [info] > git rev-parse --show-toplevel [1ms]
2024-10-12 15:25:45.887 [info] fatal: not a git repository (or any of the parent directories): .git
2024-10-12 15:25:54.670 [info] > git rev-parse --show-toplevel [2ms]
2024-10-12 15:25:54.670 [info] fatal: not a git repository (or any of the parent directories): .git
2024-10-12 15:26:47.618 [info] > git rev-parse --show-toplevel [1ms]
2024-10-12 15:26:47.618 [info] fatal: not a git repository (or any of the parent directories): .git
2024-10-12 15:26:54.173 [info] > git rev-parse --show-toplevel [2ms]
2024-10-12 15:26:54.173 [info] fatal: not a git repository (or any of the parent directories): .git
2024-10-12 15:26:58.592 [info] > git rev-parse --show-toplevel [2ms]
2024-10-12 15:26:58.592 [info] fatal: not a git repository (or any of the parent directories): .git
2024-10-12 15:27:00.848 [info] > git rev-parse --show-toplevel [1ms]
2024-10-12 15:27:00.848 [info] fatal: not a git repository (or any of the parent directories): .git
2024-10-12 15:28:26.166 [info] > git rev-parse --show-toplevel [4ms]
2024-10-12 15:28:26.166 [info] fatal: not a git repository (or any of the parent directories): .git
2024-10-12 15:35:58.173 [info] > git rev-parse --show-toplevel [2ms]
2024-10-12 15:35:58.174 [info] fatal: not a git repository (or any of the parent directories): .git
2024-10-12 15:39:00.698 [info] > git rev-parse --show-toplevel [1ms]
2024-10-12 15:39:00.698 [info] fatal: not a git repository (or any of the parent directories): .git
2024-10-12 15:39:15.767 [info] > git rev-parse --show-toplevel [2ms]
2024-10-12 15:39:15.767 [info] fatal: not a git repository (or any of the parent directories): .git
2024-10-12 15:39:31.990 [info] > git rev-parse --show-toplevel [1ms]
2024-10-12 15:39:31.990 [info] fatal: not a git repository (or any of the parent directories): .git
2024-10-12 15:40:38.015 [info] > git rev-parse --show-toplevel [1ms]
2024-10-12 15:40:38.015 [info] fatal: not a git repository (or any of the parent directories): .git
2024-10-12 16:01:33.840 [info] > git rev-parse --show-toplevel [1ms]
2024-10-12 16:01:33.841 [info] fatal: not a git repository (or any of the parent directories): .git
2024-10-12 16:01:59.061 [info] > git rev-parse --show-toplevel [2ms]
2024-10-12 16:01:59.061 [info] fatal: not a git repository (or any of the parent directories): .git
2024-10-12 16:15:02.428 [info] > git rev-parse --show-toplevel [1ms]
2024-10-12 16:15:02.428 [info] fatal: not a git repository (or any of the parent directories): .git
2024-10-12 16:30:28.694 [info] > git rev-parse --show-toplevel [2ms]
2024-10-12 16:30:28.694 [info] fatal: not a git repository (or any of the parent directories): .git
2024-10-12 16:36:59.500 [info] > git rev-parse --show-toplevel [2ms]
2024-10-12 16:36:59.500 [info] fatal: not a git repository (or any of the parent directories): .git
2024-10-12 16:37:53.382 [info] > git rev-parse --show-toplevel [2ms]
2024-10-12 16:37:53.382 [info] fatal: not a git repository (or any of the parent directories): .git
2024-10-12 16:38:05.132 [info] > git rev-parse --show-toplevel [1ms]
2024-10-12 16:38:05.132 [info] fatal: not a git repository (or any of the parent directories): .git
2024-10-12 16:41:39.539 [info] > git rev-parse --show-toplevel [1ms]
2024-10-12 16:41:39.539 [info] fatal: not a git repository (or any of the parent directories): .git
2024-10-12 16:49:46.743 [info] > git rev-parse --show-toplevel [1ms]
2024-10-12 16:49:46.743 [info] fatal: not a git repository (or any of the parent directories): .git
2024-10-12 17:04:10.035 [info] > git rev-parse --show-toplevel [285ms]
2024-10-12 17:04:10.035 [info] fatal: not a git repository (or any of the parent directories): .git
2024-10-12 17:07:05.219 [info] > git rev-parse --show-toplevel [2ms]
2024-10-12 17:07:05.219 [info] fatal: not a git repository (or any of the parent directories): .git
2024-10-12 17:07:07.152 [info] > git rev-parse --show-toplevel [1ms]
2024-10-12 17:07:07.152 [info] fatal: not a git repository (or any of the parent directories): .git
2024-10-12 17:07:08.206 [info] > git rev-parse --show-toplevel [1ms]
2024-10-12 17:07:08.206 [info] fatal: not a git repository (or any of the parent directories): .git
2024-10-12 17:07:10.395 [info] > git rev-parse --show-toplevel [2ms]
2024-10-12 17:07:10.395 [info] fatal: not a git repository (or any of the parent directories): .git
2024-10-12 17:07:14.366 [info] > git rev-parse --show-toplevel [2ms]
2024-10-12 17:07:14.366 [info] fatal: not a git repository (or any of the parent directories): .git
2024-10-12 17:07:20.350 [info] > git rev-parse --show-toplevel [2ms]
2024-10-12 17:07:20.350 [info] fatal: not a git repository (or any of the parent directories): .git
2024-10-12 17:07:25.328 [info] > git rev-parse --show-toplevel [2ms]
2024-10-12 17:07:25.328 [info] fatal: not a git repository (or any of the parent directories): .git
2024-10-12 17:07:36.220 [info] > git rev-parse --show-toplevel [1ms]
2024-10-12 17:07:36.220 [info] fatal: not a git repository (or any of the parent directories): .git
2024-10-12 17:07:38.757 [info] > git rev-parse --show-toplevel [1ms]
2024-10-12 17:07:38.757 [info] fatal: not a git repository (or any of the parent directories): .git
2024-10-12 17:09:03.323 [info] > git rev-parse --show-toplevel [2ms]
2024-10-12 17:09:03.323 [info] fatal: not a git repository (or any of the parent directories): .git
2024-10-12 17:30:14.080 [info] > git rev-parse --show-toplevel [2ms]
2024-10-12 17:30:14.080 [info] fatal: not a git repository (or any of the parent directories): .git
2024-10-12 17:30:21.990 [info] > git rev-parse --show-toplevel [1ms]
2024-10-12 17:30:21.990 [info] fatal: not a git repository (or any of the parent directories): .git
2024-10-12 17:30:34.192 [info] > git rev-parse --show-toplevel [1ms]
2024-10-12 17:30:34.192 [info] fatal: not a git repository (or any of the parent directories): .git
2024-10-12 17:31:37.174 [info] > git rev-parse --show-toplevel [1ms]
2024-10-12 17:31:37.174 [info] fatal: not a git repository (or any of the parent directories): .git
2024-10-12 17:41:10.845 [info] > git rev-parse --show-toplevel [3ms]
2024-10-12 17:41:10.845 [info] fatal: not a git repository (or any of the parent directories): .git
