2024-10-12 21:51:47.450 [info] [main] Log level: Info
2024-10-12 21:51:47.450 [info] [main] Validating found git in: "git"
2024-10-12 21:51:47.450 [info] [main] Using git "2.40.1" from "git"
2024-10-12 21:51:47.450 [info] [Model][doInitialScan] Initial repository scan started
2024-10-12 21:51:47.450 [info] > git rev-parse --show-toplevel [3ms]
2024-10-12 21:51:47.450 [info] fatal: not a git repository (or any of the parent directories): .git
2024-10-12 21:51:47.450 [info] > git rev-parse --show-toplevel [4ms]
2024-10-12 21:51:47.450 [info] fatal: not a git repository (or any of the parent directories): .git
2024-10-12 21:51:47.451 [info] > git rev-parse --show-toplevel [2ms]
2024-10-12 21:51:47.451 [info] fatal: not a git repository (or any of the parent directories): .git
2024-10-12 21:51:47.454 [info] > git rev-parse --show-toplevel [1ms]
2024-10-12 21:51:47.454 [info] fatal: not a git repository (or any of the parent directories): .git
2024-10-12 21:51:47.458 [info] > git rev-parse --show-toplevel [1ms]
2024-10-12 21:51:47.458 [info] fatal: not a git repository (or any of the parent directories): .git
2024-10-12 21:51:47.461 [info] > git rev-parse --show-toplevel [1ms]
2024-10-12 21:51:47.461 [info] fatal: not a git repository (or any of the parent directories): .git
2024-10-12 21:51:47.467 [info] > git rev-parse --show-toplevel [3ms]
2024-10-12 21:51:47.467 [info] fatal: not a git repository (or any of the parent directories): .git
2024-10-12 21:51:47.471 [info] > git rev-parse --show-toplevel [1ms]
2024-10-12 21:51:47.471 [info] fatal: not a git repository (or any of the parent directories): .git
2024-10-12 21:51:47.476 [info] [Model][doInitialScan] Initial repository scan completed - repositories (0), closed repositories (0), parent repositories (0), unsafe repositories (0)
2024-10-12 21:52:06.484 [info] > git rev-parse --show-toplevel [1ms]
2024-10-12 21:52:06.484 [info] fatal: not a git repository (or any of the parent directories): .git
2024-10-12 21:52:12.944 [info] > git rev-parse --show-toplevel [2ms]
2024-10-12 21:52:12.944 [info] fatal: not a git repository (or any of the parent directories): .git
2024-10-12 21:55:18.657 [info] > git rev-parse --show-toplevel [14ms]
2024-10-12 21:55:18.657 [info] fatal: not a git repository (or any of the parent directories): .git
2024-10-12 22:00:56.888 [info] > git rev-parse --show-toplevel [2ms]
2024-10-12 22:00:56.888 [info] fatal: not a git repository (or any of the parent directories): .git
2024-10-12 22:02:00.910 [info] > git rev-parse --show-toplevel [2ms]
2024-10-12 22:02:00.910 [info] fatal: not a git repository (or any of the parent directories): .git
2024-10-12 22:15:07.432 [info] > git rev-parse --show-toplevel [1ms]
2024-10-12 22:15:07.432 [info] fatal: not a git repository (or any of the parent directories): .git
2024-10-12 23:02:40.907 [info] > git rev-parse --show-toplevel [2ms]
2024-10-12 23:02:40.941 [info] fatal: not a git repository (or any of the parent directories): .git
2024-10-12 23:02:53.435 [info] > git rev-parse --show-toplevel [1ms]
2024-10-12 23:02:53.435 [info] fatal: not a git repository (or any of the parent directories): .git
2024-10-12 23:07:17.490 [info] > git rev-parse --show-toplevel [2ms]
2024-10-12 23:07:17.490 [info] fatal: not a git repository (or any of the parent directories): .git
2024-10-12 23:09:57.897 [info] > git rev-parse --show-toplevel [2ms]
2024-10-12 23:09:57.897 [info] fatal: not a git repository (or any of the parent directories): .git
2024-10-12 23:21:25.106 [info] > git rev-parse --show-toplevel [3ms]
2024-10-12 23:21:25.106 [info] fatal: not a git repository (or any of the parent directories): .git
