2024-10-13 18:50:45.909 [info] Extension host with pid 3187 started
2024-10-13 18:50:45.909 [error] Error: EEXIST: file already exists, open '/home/ec2-user/.vscode-server/data/User/workspaceStorage/b216eb221c8ea0ab95069215dcce9b51/vscode.lock'
2024-10-13 18:50:45.912 [info] Lock '/home/ec2-user/.vscode-server/data/User/workspaceStorage/b216eb221c8ea0ab95069215dcce9b51/vscode.lock': Could not acquire lock, checking if the file is stale.
2024-10-13 18:50:45.927 [info] Lock '/home/ec2-user/.vscode-server/data/User/workspaceStorage/b216eb221c8ea0ab95069215dcce9b51/vscode.lock': The pid 19388 appears to be gone.
2024-10-13 18:50:45.927 [info] Lock '/home/ec2-user/.vscode-server/data/User/workspaceStorage/b216eb221c8ea0ab95069215dcce9b51/vscode.lock': Deleting a stale lock.
2024-10-13 18:50:45.940 [info] Lock '/home/ec2-user/.vscode-server/data/User/workspaceStorage/b216eb221c8ea0ab95069215dcce9b51/vscode.lock': Lock acquired.
2024-10-13 18:50:47.024 [info] ExtensionService#_doActivateExtension vscode.emmet, startup: false, activationEvent: 'onLanguage'
2024-10-13 18:50:47.026 [info] ExtensionService#_doActivateExtension vscode.git-base, startup: false, activationEvent: '*', root cause: vscode.git
2024-10-13 18:50:47.442 [info] ExtensionService#_doActivateExtension vscode.git, startup: false, activationEvent: '*'
2024-10-13 18:50:47.442 [info] ExtensionService#_doActivateExtension vscode.github, startup: false, activationEvent: '*'
2024-10-13 18:50:47.738 [info] Eager extensions activated
2024-10-13 18:50:47.738 [info] ExtensionService#_doActivateExtension vscode.debug-auto-launch, startup: false, activationEvent: 'onStartupFinished'
2024-10-13 18:50:47.738 [info] ExtensionService#_doActivateExtension vscode.merge-conflict, startup: false, activationEvent: 'onStartupFinished'
2024-10-13 18:56:04.314 [info] ExtensionService#_doActivateExtension vscode.npm, startup: false, activationEvent: 'onTerminalQuickFixRequest:ms-vscode.npm-command'
2024-10-13 18:56:09.736 [info] ExtensionService#_doActivateExtension vscode.configuration-editing, startup: false, activationEvent: 'onLanguage:json'
2024-10-13 18:56:09.736 [info] ExtensionService#_doActivateExtension vscode.extension-editing, startup: false, activationEvent: 'onLanguage:json'
2024-10-13 18:56:09.737 [info] ExtensionService#_doActivateExtension vscode.json-language-features, startup: false, activationEvent: 'onLanguage:json'
2024-10-13 22:40:01.383 [warning] [Decorations] CAPPING events from decorations provider vscode.git 1836
2024-10-13 22:40:02.829 [warning] [Decorations] CAPPING events from decorations provider vscode.git 1836
2024-10-13 22:40:04.876 [warning] [Decorations] CAPPING events from decorations provider vscode.git 1836
2024-10-13 22:40:09.935 [warning] [Decorations] CAPPING events from decorations provider vscode.git 1836
2024-10-13 22:40:14.986 [warning] [Decorations] CAPPING events from decorations provider vscode.git 1836
2024-10-13 22:40:20.041 [warning] [Decorations] CAPPING events from decorations provider vscode.git 1836
2024-10-13 22:40:25.116 [warning] [Decorations] CAPPING events from decorations provider vscode.git 1836
2024-10-13 22:40:30.160 [warning] [Decorations] CAPPING events from decorations provider vscode.git 1836
2024-10-13 22:40:35.212 [warning] [Decorations] CAPPING events from decorations provider vscode.git 1837
2024-10-13 22:40:40.261 [warning] [Decorations] CAPPING events from decorations provider vscode.git 1837
2024-10-13 22:40:45.306 [warning] [Decorations] CAPPING events from decorations provider vscode.git 1837
2024-10-13 22:40:50.354 [warning] [Decorations] CAPPING events from decorations provider vscode.git 1839
2024-10-13 22:40:55.421 [warning] [Decorations] CAPPING events from decorations provider vscode.git 1833
2024-10-13 22:41:00.493 [warning] [Decorations] CAPPING events from decorations provider vscode.git 1833
2024-10-13 22:41:05.541 [warning] [Decorations] CAPPING events from decorations provider vscode.git 1833
2024-10-13 22:41:10.587 [warning] [Decorations] CAPPING events from decorations provider vscode.git 1833
2024-10-13 22:41:15.643 [warning] [Decorations] CAPPING events from decorations provider vscode.git 1833
2024-10-13 22:41:20.686 [warning] [Decorations] CAPPING events from decorations provider vscode.git 1833
2024-10-13 22:41:25.731 [warning] [Decorations] CAPPING events from decorations provider vscode.git 1833
2024-10-13 22:41:30.778 [warning] [Decorations] CAPPING events from decorations provider vscode.git 1833
2024-10-13 22:41:35.823 [warning] [Decorations] CAPPING events from decorations provider vscode.git 1833
2024-10-13 22:42:42.151 [warning] [Decorations] CAPPING events from decorations provider vscode.git 1833
2024-10-13 22:42:47.201 [warning] [Decorations] CAPPING events from decorations provider vscode.git 1833
2024-10-13 22:42:52.244 [warning] [Decorations] CAPPING events from decorations provider vscode.git 1833
2024-10-13 22:42:57.300 [warning] [Decorations] CAPPING events from decorations provider vscode.git 1833
2024-10-13 22:43:02.406 [warning] [Decorations] CAPPING events from decorations provider vscode.git 1833
2024-10-13 22:43:07.451 [warning] [Decorations] CAPPING events from decorations provider vscode.git 1833
2024-10-13 22:43:14.316 [warning] [Decorations] CAPPING events from decorations provider vscode.git 1833
2024-10-13 22:43:19.363 [warning] [Decorations] CAPPING events from decorations provider vscode.git 1833
2024-10-13 22:43:24.414 [warning] [Decorations] CAPPING events from decorations provider vscode.git 1833
2024-10-13 22:43:29.472 [warning] [Decorations] CAPPING events from decorations provider vscode.git 1833
2024-10-13 22:43:34.518 [warning] [Decorations] CAPPING events from decorations provider vscode.git 1833
2024-10-13 22:43:39.565 [warning] [Decorations] CAPPING events from decorations provider vscode.git 1833
2024-10-13 22:44:51.253 [warning] [Decorations] CAPPING events from decorations provider vscode.git 1833
2024-10-13 22:44:56.317 [warning] [Decorations] CAPPING events from decorations provider vscode.git 1833
2024-10-13 22:45:01.364 [warning] [Decorations] CAPPING events from decorations provider vscode.git 1833
2024-10-13 22:45:14.120 [warning] [Decorations] CAPPING events from decorations provider vscode.git 1833
2024-10-13 22:45:19.184 [warning] [Decorations] CAPPING events from decorations provider vscode.git 1833
2024-10-13 22:45:33.223 [warning] [Decorations] CAPPING events from decorations provider vscode.git 1833
2024-10-13 22:45:46.365 [warning] [Decorations] CAPPING events from decorations provider vscode.git 1833
2024-10-13 22:45:56.338 [warning] [Decorations] CAPPING events from decorations provider vscode.git 1833
2024-10-13 22:46:01.405 [warning] [Decorations] CAPPING events from decorations provider vscode.git 1833
2024-10-13 22:46:06.454 [warning] [Decorations] CAPPING events from decorations provider vscode.git 1833
2024-10-13 22:46:11.501 [warning] [Decorations] CAPPING events from decorations provider vscode.git 1833
2024-10-13 22:46:16.575 [warning] [Decorations] CAPPING events from decorations provider vscode.git 1833
2024-10-13 22:46:25.275 [warning] [Decorations] CAPPING events from decorations provider vscode.git 1833
2024-10-13 22:46:27.519 [warning] [Decorations] CAPPING events from decorations provider vscode.git 1833
2024-10-13 22:55:58.705 [error] Error: Failed to execute git
	at t.Git._exec (/home/ec2-user/.vscode-server/cli/servers/Stable-d78a74bcdfad14d5d3b1b782f87255d802b57511/server/extensions/git/dist/main.js:2:911298)
	at async t.Git.exec (/home/ec2-user/.vscode-server/cli/servers/Stable-d78a74bcdfad14d5d3b1b782f87255d802b57511/server/extensions/git/dist/main.js:2:910366)
	at async F.exec (/home/ec2-user/.vscode-server/cli/servers/Stable-d78a74bcdfad14d5d3b1b782f87255d802b57511/server/extensions/git/dist/main.js:2:915894)
	at async F.getRemotesGit (/home/ec2-user/.vscode-server/cli/servers/Stable-d78a74bcdfad14d5d3b1b782f87255d802b57511/server/extensions/git/dist/main.js:2:936486)
	at async F.getRemotes (/home/ec2-user/.vscode-server/cli/servers/Stable-d78a74bcdfad14d5d3b1b782f87255d802b57511/server/extensions/git/dist/main.js:2:936218)
	at async Promise.all (index 1)
	at async T._updateModelState (/home/ec2-user/.vscode-server/cli/servers/Stable-d78a74bcdfad14d5d3b1b782f87255d802b57511/server/extensions/git/dist/main.js:2:1034466)
	at async T.updateModelState (/home/ec2-user/.vscode-server/cli/servers/Stable-d78a74bcdfad14d5d3b1b782f87255d802b57511/server/extensions/git/dist/main.js:2:1034293)
	at async T.run (/home/ec2-user/.vscode-server/cli/servers/Stable-d78a74bcdfad14d5d3b1b782f87255d802b57511/server/extensions/git/dist/main.js:2:1033501)
	at async T.status (/home/ec2-user/.vscode-server/cli/servers/Stable-d78a74bcdfad14d5d3b1b782f87255d802b57511/server/extensions/git/dist/main.js:2:1014508)
2024-10-13 22:56:01.584 [warning] [Decorations] CAPPING events from decorations provider vscode.git 1833
2024-10-13 22:56:02.391 [warning] [Decorations] CAPPING events from decorations provider vscode.git 1833
2024-10-13 22:56:06.428 [warning] [Decorations] CAPPING events from decorations provider vscode.git 1833
2024-10-13 22:56:11.478 [warning] [Decorations] CAPPING events from decorations provider vscode.git 1833
2024-10-13 22:56:16.526 [warning] [Decorations] CAPPING events from decorations provider vscode.git 1833
2024-10-13 22:56:27.030 [warning] [Decorations] CAPPING events from decorations provider vscode.git 1833
2024-10-13 22:56:32.095 [warning] [Decorations] CAPPING events from decorations provider vscode.git 1833
2024-10-13 22:56:37.193 [warning] [Decorations] CAPPING events from decorations provider vscode.git 1833
2024-10-13 22:56:42.259 [warning] [Decorations] CAPPING events from decorations provider vscode.git 1833
2024-10-13 22:56:50.277 [warning] [Decorations] CAPPING events from decorations provider vscode.git 1833
2024-10-13 22:56:55.358 [warning] [Decorations] CAPPING events from decorations provider vscode.git 1833
